# JRE version: Java(TM) SE Runtime Environment (8.0_301-b09) (build 1.8.0_301-b09)
# Java VM: Java HotSpot(TM) 64-Bit Server VM (25.301-b09 mixed mode windows-amd64 compressed oops)
Heap:
 PSYoungGen      total 392704K, used 325699K [0x00000006c1700000, 0x00000006e2680000, 0x00000007c0000000)
  eden space 360448K, 81% used [0x00000006c1700000,0x00000006d379dcc0,0x00000006d7700000)
  from space 32256K, 93% used [0x00000006d7700000,0x00000006d9473288,0x00000006d9680000)
  to   space 27136K, 0% used [0x00000006e0c00000,0x00000006e0c00000,0x00000006e2680000)
 ParOldGen       total 696320K, used 24167K [0x00000004c4400000, 0x00000004eec00000, 0x00000006c1700000)
  object space 696320K, 3% used [0x00000004c4400000,0x00000004c5b99dd0,0x00000004eec00000)
 Metaspace       used 82353K, capacity 89306K, committed 89512K, reserved 1126400K
  class space    used 11365K, capacity 12422K, committed 12456K, reserved 1048576K
GC Heap History (10 events):
Event: 8.677 GC heap before
{Heap before GC invocations=4 (full 2):
 PSYoungGen      total 275968K, used 13953K [0x00000006c1700000, 0x00000006dc380000, 0x00000007c0000000)
  eden space 261632K, 0% used [0x00000006c1700000,0x00000006c1700000,0x00000006d1680000)
  from space 14336K, 97% used [0x00000006db580000,0x00000006dc320698,0x00000006dc380000)
  to   space 32256K, 0% used [0x00000006d8480000,0x00000006d8480000,0x00000006da400000)
 ParOldGen       total 315904K, used 14415K [0x00000004c4400000, 0x00000004d7880000, 0x00000006c1700000)
  object space 315904K, 4% used [0x00000004c4400000,0x00000004c5213ed8,0x00000004d7880000)
 Metaspace       used 33263K, capacity 35380K, committed 35496K, reserved 1079296K
  class space    used 4574K, capacity 4930K, committed 5032K, reserved 1048576K
Event: 8.724 GC heap after
Heap after GC invocations=4 (full 2):
 PSYoungGen      total 275968K, used 0K [0x00000006c1700000, 0x00000006dc380000, 0x00000007c0000000)
  eden space 261632K, 0% used [0x00000006c1700000,0x00000006c1700000,0x00000006d1680000)
  from space 14336K, 0% used [0x00000006db580000,0x00000006db580000,0x00000006dc380000)
  to   space 32256K, 0% used [0x00000006d8480000,0x00000006d8480000,0x00000006da400000)
 ParOldGen       total 498688K, used 18588K [0x00000004c4400000, 0x00000004e2b00000, 0x00000006c1700000)
  object space 498688K, 3% used [0x00000004c4400000,0x00000004c5627188,0x00000004e2b00000)
 Metaspace       used 33260K, capacity 35374K, committed 35496K, reserved 1079296K
  class space    used 4573K, capacity 4929K, committed 5032K, reserved 1048576K
}
Event: 14.245 GC heap before
{Heap before GC invocations=5 (full 2):
 PSYoungGen      total 275968K, used 261632K [0x00000006c1700000, 0x00000006dc380000, 0x00000007c0000000)
  eden space 261632K, 100% used [0x00000006c1700000,0x00000006d1680000,0x00000006d1680000)
  from space 14336K, 0% used [0x00000006db580000,0x00000006db580000,0x00000006dc380000)
  to   space 32256K, 0% used [0x00000006d8480000,0x00000006d8480000,0x00000006da400000)
 ParOldGen       total 498688K, used 18588K [0x00000004c4400000, 0x00000004e2b00000, 0x00000006c1700000)
  object space 498688K, 3% used [0x00000004c4400000,0x00000004c5627188,0x00000004e2b00000)
 Metaspace       used 45932K, capacity 48960K, committed 49192K, reserved 1091584K
  class space    used 6381K, capacity 6869K, committed 6952K, reserved 1048576K
Event: 14.262 GC heap after
Heap after GC invocations=5 (full 2):
 PSYoungGen      total 366592K, used 16288K [0x00000006c1700000, 0x00000006db600000, 0x00000007c0000000)
  eden space 350208K, 0% used [0x00000006c1700000,0x00000006c1700000,0x00000006d6d00000)
  from space 16384K, 99% used [0x00000006d8480000,0x00000006d94683e8,0x00000006d9480000)
  to   space 32256K, 0% used [0x00000006d9680000,0x00000006d9680000,0x00000006db600000)
 ParOldGen       total 498688K, used 18596K [0x00000004c4400000, 0x00000004e2b00000, 0x00000006c1700000)
  object space 498688K, 3% used [0x00000004c4400000,0x00000004c5629188,0x00000004e2b00000)
 Metaspace       used 45932K, capacity 48960K, committed 49192K, reserved 1091584K
  class space    used 6381K, capacity 6869K, committed 6952K, reserved 1048576K
}
Event: 16.306 GC heap before
{Heap before GC invocations=6 (full 2):
 PSYoungGen      total 366592K, used 109844K [0x00000006c1700000, 0x00000006db600000, 0x00000007c0000000)
  eden space 350208K, 26% used [0x00000006c1700000,0x00000006c725cd40,0x00000006d6d00000)
  from space 16384K, 99% used [0x00000006d8480000,0x00000006d94683e8,0x00000006d9480000)
  to   space 32256K, 0% used [0x00000006d9680000,0x00000006d9680000,0x00000006db600000)
 ParOldGen       total 498688K, used 18596K [0x00000004c4400000, 0x00000004e2b00000, 0x00000006c1700000)
  object space 498688K, 3% used [0x00000004c4400000,0x00000004c5629188,0x00000004e2b00000)
 Metaspace       used 55902K, capacity 59006K, committed 59160K, reserved 1099776K
  class space    used 7522K, capacity 8010K, committed 8104K, reserved 1048576K
Event: 16.318 GC heap after
Heap after GC invocations=6 (full 2):
 PSYoungGen      total 392704K, used 16007K [0x00000006c1700000, 0x00000006e1800000, 0x00000007c0000000)
  eden space 360448K, 0% used [0x00000006c1700000,0x00000006c1700000,0x00000006d7700000)
  from space 32256K, 49% used [0x00000006d9680000,0x00000006da621ce8,0x00000006db600000)
  to   space 32256K, 0% used [0x00000006d7700000,0x00000006d7700000,0x00000006d9680000)
 ParOldGen       total 498688K, used 18604K [0x00000004c4400000, 0x00000004e2b00000, 0x00000006c1700000)
  object space 498688K, 3% used [0x00000004c4400000,0x00000004c562b188,0x00000004e2b00000)
 Metaspace       used 55902K, capacity 59006K, committed 59160K, reserved 1099776K
  class space    used 7522K, capacity 8010K, committed 8104K, reserved 1048576K
}
Event: 16.318 GC heap before
{Heap before GC invocations=7 (full 3):
 PSYoungGen      total 392704K, used 16007K [0x00000006c1700000, 0x00000006e1800000, 0x00000007c0000000)
  eden space 360448K, 0% used [0x00000006c1700000,0x00000006c1700000,0x00000006d7700000)
  from space 32256K, 49% used [0x00000006d9680000,0x00000006da621ce8,0x00000006db600000)
  to   space 32256K, 0% used [0x00000006d7700000,0x00000006d7700000,0x00000006d9680000)
 ParOldGen       total 498688K, used 18604K [0x00000004c4400000, 0x00000004e2b00000, 0x00000006c1700000)
  object space 498688K, 3% used [0x00000004c4400000,0x00000004c562b188,0x00000004e2b00000)
 Metaspace       used 55902K, capacity 59006K, committed 59160K, reserved 1099776K
  class space    used 7522K, capacity 8010K, committed 8104K, reserved 1048576K
Event: 16.426 GC heap after
Heap after GC invocations=7 (full 3):
 PSYoungGen      total 392704K, used 0K [0x00000006c1700000, 0x00000006e1800000, 0x00000007c0000000)
  eden space 360448K, 0% used [0x00000006c1700000,0x00000006c1700000,0x00000006d7700000)
  from space 32256K, 0% used [0x00000006d9680000,0x00000006d9680000,0x00000006db600000)
  to   space 32256K, 0% used [0x00000006d7700000,0x00000006d7700000,0x00000006d9680000)
 ParOldGen       total 696320K, used 24159K [0x00000004c4400000, 0x00000004eec00000, 0x00000006c1700000)
  object space 696320K, 3% used [0x00000004c4400000,0x00000004c5b97dd0,0x00000004eec00000)
 Metaspace       used 55825K, capacity 58798K, committed 59160K, reserved 1099776K
  class space    used 7497K, capacity 7972K, committed 8104K, reserved 1048576K
}
Event: 18.183 GC heap before
{Heap before GC invocations=8 (full 3):
 PSYoungGen      total 392704K, used 360448K [0x00000006c1700000, 0x00000006e1800000, 0x00000007c0000000)
  eden space 360448K, 100% used [0x00000006c1700000,0x00000006d7700000,0x00000006d7700000)
  from space 32256K, 0% used [0x00000006d9680000,0x00000006d9680000,0x00000006db600000)
  to   space 32256K, 0% used [0x00000006d7700000,0x00000006d7700000,0x00000006d9680000)
 ParOldGen       total 696320K, used 24159K [0x00000004c4400000, 0x00000004eec00000, 0x00000006c1700000)
  object space 696320K, 3% used [0x00000004c4400000,0x00000004c5b97dd0,0x00000004eec00000)
 Metaspace       used 69821K, capacity 76056K, committed 76072K, reserved 1114112K
  class space    used 9577K, capacity 10527K, committed 10536K, reserved 1048576K
Event: 18.204 GC heap after
Heap after GC invocations=8 (full 3):
 PSYoungGen      total 392704K, used 30156K [0x00000006c1700000, 0x00000006e2680000, 0x00000007c0000000)
  eden space 360448K, 0% used [0x00000006c1700000,0x00000006c1700000,0x00000006d7700000)
  from space 32256K, 93% used [0x00000006d7700000,0x00000006d9473288,0x00000006d9680000)
  to   space 27136K, 0% used [0x00000006e0c00000,0x00000006e0c00000,0x00000006e2680000)
 ParOldGen       total 696320K, used 24167K [0x00000004c4400000, 0x00000004eec00000, 0x00000006c1700000)
  object space 696320K, 3% used [0x00000004c4400000,0x00000004c5b99dd0,0x00000004eec00000)
 Metaspace       used 69821K, capacity 76056K, committed 76072K, reserved 1114112K
  class space    used 9577K, capacity 10527K, committed 10536K, reserved 1048576K
}

